[0m15:59:28.894948 [debug] [MainThread]: Sending event: {'category': 'dbt', 'action': 'invocation', 'label': 'start', 'context': [<snowplow_tracker.self_describing_json.SelfDescribingJson object at 0x0000020195D1E120>, <snowplow_tracker.self_describing_json.SelfDescribingJson object at 0x00000201967D5F90>, <snowplow_tracker.self_describing_json.SelfDescribingJson object at 0x0000020197FD3ED0>]}


============================== 15:59:28.922869 | a4536990-524c-4430-9366-42e3bc3f90cb ==============================
[0m15:59:28.922869 [info ] [MainThread]: Running with dbt=1.11.7
[0m15:59:28.924912 [debug] [MainThread]: running dbt with arguments {'static_parser': 'True', 'no_print': 'None', 'version_check': 'True', 'warn_error_options': 'WarnErrorOptionsV2(error=[], warn=[], silence=[])', 'target_path': 'None', 'printer_width': '80', 'write_json': 'True', 'empty': 'None', 'log_cache_events': 'False', 'introspect': 'True', 'cache_selected_only': 'False', 'fail_fast': 'False', 'debug': 'False', 'log_format': 'default', 'partial_parse': 'True', 'send_anonymous_usage_stats': 'True', 'quiet': 'False', 'warn_error': 'None', 'profiles_dir': 'C:\\Users\\Rina\\.dbt', 'indirect_selection': 'eager', 'invocation_command': 'dbt init pactravel_transform', 'use_colors': 'True', 'use_experimental_parser': 'False', 'log_path': 'logs'}
[0m15:59:28.981676 [info ] [MainThread]: Creating dbt configuration folder at C:\Users\Rina\.dbt
[0m15:59:28.987172 [debug] [MainThread]: Starter project path: C:\Users\Rina\AppData\Roaming\Python\Python313\site-packages\dbt\include\starter_project
[0m15:59:29.038396 [info ] [MainThread]: 
Your new dbt project "pactravel_transform" was created!

For more information on how to configure the profiles.yml file,
please consult the dbt documentation here:

  https://docs.getdbt.com/docs/configure-your-profile

One more thing:

Need help? Don't hesitate to reach out to us via GitHub issues or on Slack:

  https://community.getdbt.com/

Happy modeling!

[0m15:59:29.040520 [info ] [MainThread]: Setting up your profile.
[0m16:04:30.278345 [info ] [MainThread]: Profile pactravel_transform written to C:\Users\Rina\.dbt\profiles.yml using target's profile_template.yml and your supplied values. Run 'dbt debug' to validate the connection.
[0m16:04:30.282253 [debug] [MainThread]: Command `python -m dbt.cli.main init` succeeded at 16:04:30.281905 after 301.91 seconds
[0m16:04:30.283332 [debug] [MainThread]: Sending event: {'category': 'dbt', 'action': 'invocation', 'label': 'end', 'context': [<snowplow_tracker.self_describing_json.SelfDescribingJson object at 0x000002019807A3F0>, <snowplow_tracker.self_describing_json.SelfDescribingJson object at 0x0000020198057530>, <snowplow_tracker.self_describing_json.SelfDescribingJson object at 0x0000020197EED7B0>]}
[0m16:04:30.284242 [debug] [MainThread]: Flushing usage events
[0m16:04:32.449545 [debug] [MainThread]: An error was encountered while trying to flush usage events
